<?xml version="1.0" encoding="UTF-8"?>
<!-- Generated by org.testng.reporters.JUnitXMLReporter -->
<testsuite ignored="0" hostname="BD_LAP_314" failures="0" tests="8" name="Default test" time="15.234" errors="0" timestamp="2026-04-20T13:32:26 IST">
  <testcase classname="api.testcases.UserTestWithPropFileUrl" name="testPostUser" time="2.322"/>
  <testcase classname="api.testcases.UserTestWithPropFileUrl" name="testPostUser" time="1.226"/>
  <testcase classname="api.testcases.UserTestWithPropFileUrl" name="testPostUser" time="1.196"/>
  <testcase classname="api.testcases.UserTestWithPropFileUrl" name="testGetUserByName" time="1.248"/>
  <testcase classname="api.testcases.UserTestWithPropFileUrl" name="testUpdateUserByName" time="2.44"/>
  <testcase classname="api.testcases.UserTestWithPropFileUrl" name="testUpdateUserByName" time="2.419"/>
  <testcase classname="api.testcases.UserTestWithPropFileUrl" name="testUpdateUserByName" time="2.359"/>
  <testcase classname="api.testcases.UserTestWithPropFileUrl" name="testDeleteUserByName" time="1.19"/>
</testsuite> <!-- Default test -->
