<?xml version="1.0" encoding="UTF-8"?>
<!-- Generated by org.testng.reporters.JUnitXMLReporter -->
<testsuite ignored="0" hostname="BD_LAP_314" failures="0" tests="8" name="Default test" time="30.921" errors="0" timestamp="2026-04-18T14:50:12 IST">
  <testcase classname="api.testcases.UserTestWithExcelData" name="testPostUser" time="4.485"/>
  <testcase classname="api.testcases.UserTestWithExcelData" name="testPostUser" time="1.98"/>
  <testcase classname="api.testcases.UserTestWithExcelData" name="testPostUser" time="2.422"/>
  <testcase classname="api.testcases.UserTestWithExcelData" name="testGetUserByName" time="2.654"/>
  <testcase classname="api.testcases.UserTestWithExcelData" name="testUpdateUserByName" time="5.45"/>
  <testcase classname="api.testcases.UserTestWithExcelData" name="testUpdateUserByName" time="4.092"/>
  <testcase classname="api.testcases.UserTestWithExcelData" name="testUpdateUserByName" time="6.143"/>
  <testcase classname="api.testcases.UserTestWithExcelData" name="testDeleteUserByName" time="2.402"/>
</testsuite> <!-- Default test -->
