<?xml version="1.0" encoding="UTF-8"?>
<!-- Generated by org.testng.reporters.JUnitXMLReporter -->
<testsuite ignored="0" hostname="BD_LAP_314" failures="0" tests="20" name="Test" time="34.751" errors="0" timestamp="2026-04-20T13:35:33 IST">
  <testcase classname="api.testcases.UserTestWithExcelData" name="testPostUser" time="2.218"/>
  <testcase classname="api.testcases.UserTestWithExcelData" name="testPostUser" time="1.252"/>
  <testcase classname="api.testcases.UserTestWithExcelData" name="testPostUser" time="1.174"/>
  <testcase classname="api.testcases.UserTestWithExcelData" name="testGetUserByName" time="1.222"/>
  <testcase classname="api.testcases.UserTestWithExcelData" name="testUpdateUserByName" time="2.319"/>
  <testcase classname="api.testcases.UserTestWithExcelData" name="testUpdateUserByName" time="2.302"/>
  <testcase classname="api.testcases.UserTestWithExcelData" name="testUpdateUserByName" time="2.409"/>
  <testcase classname="api.testcases.UserTestWithExcelData" name="testDeleteUserByName" time="1.199"/>
  <testcase classname="api.testcases.UserTestWithPropFileUrl" name="testPostUser" time="1.256"/>
  <testcase classname="api.testcases.UserTestWithPropFileUrl" name="testPostUser" time="1.247"/>
  <testcase classname="api.testcases.UserTestWithPropFileUrl" name="testPostUser" time="1.228"/>
  <testcase classname="api.testcases.UserTestWithPropFileUrl" name="testGetUserByName" time="1.207"/>
  <testcase classname="api.testcases.UserTestWithPropFileUrl" name="testUpdateUserByName" time="2.426"/>
  <testcase classname="api.testcases.UserTestWithPropFileUrl" name="testUpdateUserByName" time="2.328"/>
  <testcase classname="api.testcases.UserTestWithPropFileUrl" name="testUpdateUserByName" time="2.367"/>
  <testcase classname="api.testcases.UserTestWithPropFileUrl" name="testDeleteUserByName" time="1.194"/>
  <testcase classname="api.testcases.UserTest" name="testPostUser" time="1.241"/>
  <testcase classname="api.testcases.UserTest" name="testGetUserByName" time="1.208"/>
  <testcase classname="api.testcases.UserTest" name="testUpdateUserByName" time="2.379"/>
  <testcase classname="api.testcases.UserTest" name="testDeleteUserByName" time="1.199"/>
</testsuite> <!-- Test -->
