<?xml version="1.0" encoding="UTF-8"?>
<testng-results ignored="0" total="20" passed="20" failed="0" skipped="0">
  <reporter-output>
  </reporter-output>
  <suite started-at="2026-04-20T13:34:58 IST" name="Suite" finished-at="2026-04-20T13:35:32 IST" duration-ms="34751">
    <groups>
    </groups>
    <test started-at="2026-04-20T13:34:58 IST" name="Test" finished-at="2026-04-20T13:35:32 IST" duration-ms="34751">
      <class name="api.testcases.UserTest">
        <test-method is-config="true" signature="createDummyUser()[pri:0, instance:api.testcases.UserTest@1477089c]" started-at="2026-04-20T13:35:26 IST" name="createDummyUser" finished-at="2026-04-20T13:35:26 IST" duration-ms="128" status="PASS">
          <reporter-output>
          </reporter-output>
        </test-method> <!-- createDummyUser -->
        <test-method signature="testPostUser()[pri:1, instance:api.testcases.UserTest@1477089c]" started-at="2026-04-20T13:35:26 IST" name="testPostUser" finished-at="2026-04-20T13:35:28 IST" duration-ms="1241" status="PASS">
          <reporter-output>
          </reporter-output>
        </test-method> <!-- testPostUser -->
        <test-method signature="testGetUserByName()[pri:2, instance:api.testcases.UserTest@1477089c]" started-at="2026-04-20T13:35:28 IST" name="testGetUserByName" finished-at="2026-04-20T13:35:29 IST" depends-on-methods="api.testcases.UserTest.testPostUser" duration-ms="1208" status="PASS">
          <reporter-output>
          </reporter-output>
        </test-method> <!-- testGetUserByName -->
        <test-method signature="testUpdateUserByName()[pri:3, instance:api.testcases.UserTest@1477089c]" started-at="2026-04-20T13:35:29 IST" name="testUpdateUserByName" finished-at="2026-04-20T13:35:31 IST" depends-on-methods="api.testcases.UserTest.testGetUserByName" duration-ms="2379" status="PASS">
          <reporter-output>
          </reporter-output>
        </test-method> <!-- testUpdateUserByName -->
        <test-method signature="testDeleteUserByName()[pri:4, instance:api.testcases.UserTest@1477089c]" started-at="2026-04-20T13:35:31 IST" name="testDeleteUserByName" finished-at="2026-04-20T13:35:32 IST" depends-on-methods="api.testcases.UserTest.testUpdateUserByName" duration-ms="1199" status="PASS">
          <reporter-output>
          </reporter-output>
        </test-method> <!-- testDeleteUserByName -->
      </class> <!-- api.testcases.UserTest -->
      <class name="api.testcases.UserTestWithExcelData">
        <test-method signature="testPostUser(java.lang.String,java.lang.String,java.lang.String,java.lang.String,java.lang.String,java.lang.String,java.lang.String)[pri:1, instance:api.testcases.UserTestWithExcelData@3d2ee678]" started-at="2026-04-20T13:34:59 IST" name="testPostUser" data-provider="AllUserData" finished-at="2026-04-20T13:35:01 IST" duration-ms="2218" status="PASS">
          <params>
            <param index="0">
              <value>
                <![CDATA[2020]]>
              </value>
            </param>
            <param index="1">
              <value>
                <![CDATA[user1]]>
              </value>
            </param>
            <param index="2">
              <value>
                <![CDATA[Ram]]>
              </value>
            </param>
            <param index="3">
              <value>
                <![CDATA[Shah]]>
              </value>
            </param>
            <param index="4">
              <value>
                <![CDATA[test@1]]>
              </value>
            </param>
            <param index="5">
              <value>
                <![CDATA[1234]]>
              </value>
            </param>
            <param index="6">
              <value>
                <![CDATA[1234567890]]>
              </value>
            </param>
          </params>
          <reporter-output>
          </reporter-output>
        </test-method> <!-- testPostUser -->
        <test-method signature="testPostUser(java.lang.String,java.lang.String,java.lang.String,java.lang.String,java.lang.String,java.lang.String,java.lang.String)[pri:1, instance:api.testcases.UserTestWithExcelData@3d2ee678]" started-at="2026-04-20T13:35:01 IST" name="testPostUser" data-provider="AllUserData" finished-at="2026-04-20T13:35:02 IST" duration-ms="1252" status="PASS">
          <params>
            <param index="0">
              <value>
                <![CDATA[2021]]>
              </value>
            </param>
            <param index="1">
              <value>
                <![CDATA[user2]]>
              </value>
            </param>
            <param index="2">
              <value>
                <![CDATA[Sham]]>
              </value>
            </param>
            <param index="3">
              <value>
                <![CDATA[Mishra]]>
              </value>
            </param>
            <param index="4">
              <value>
                <![CDATA[test@2]]>
              </value>
            </param>
            <param index="5">
              <value>
                <![CDATA[4567]]>
              </value>
            </param>
            <param index="6">
              <value>
                <![CDATA[2134567890]]>
              </value>
            </param>
          </params>
          <reporter-output>
          </reporter-output>
        </test-method> <!-- testPostUser -->
        <test-method signature="testPostUser(java.lang.String,java.lang.String,java.lang.String,java.lang.String,java.lang.String,java.lang.String,java.lang.String)[pri:1, instance:api.testcases.UserTestWithExcelData@3d2ee678]" started-at="2026-04-20T13:35:02 IST" name="testPostUser" data-provider="AllUserData" finished-at="2026-04-20T13:35:03 IST" duration-ms="1174" status="PASS">
          <params>
            <param index="0">
              <value>
                <![CDATA[2022]]>
              </value>
            </param>
            <param index="1">
              <value>
                <![CDATA[user3]]>
              </value>
            </param>
            <param index="2">
              <value>
                <![CDATA[Amol]]>
              </value>
            </param>
            <param index="3">
              <value>
                <![CDATA[Patil]]>
              </value>
            </param>
            <param index="4">
              <value>
                <![CDATA[test@3]]>
              </value>
            </param>
            <param index="5">
              <value>
                <![CDATA[7891]]>
              </value>
            </param>
            <param index="6">
              <value>
                <![CDATA[3124567890]]>
              </value>
            </param>
          </params>
          <reporter-output>
          </reporter-output>
        </test-method> <!-- testPostUser -->
        <test-method signature="testGetUserByName()[pri:2, instance:api.testcases.UserTestWithExcelData@3d2ee678]" started-at="2026-04-20T13:35:03 IST" name="testGetUserByName" finished-at="2026-04-20T13:35:05 IST" depends-on-methods="api.testcases.UserTestWithExcelData.testPostUser" duration-ms="1222" status="PASS">
          <reporter-output>
          </reporter-output>
        </test-method> <!-- testGetUserByName -->
        <test-method signature="testUpdateUserByName(java.lang.String)[pri:3, instance:api.testcases.UserTestWithExcelData@3d2ee678]" started-at="2026-04-20T13:35:05 IST" name="testUpdateUserByName" data-provider="UserNameData" finished-at="2026-04-20T13:35:07 IST" depends-on-methods="api.testcases.UserTestWithExcelData.testGetUserByName" duration-ms="2319" status="PASS">
          <params>
            <param index="0">
              <value>
                <![CDATA[user1]]>
              </value>
            </param>
          </params>
          <reporter-output>
          </reporter-output>
        </test-method> <!-- testUpdateUserByName -->
        <test-method signature="testUpdateUserByName(java.lang.String)[pri:3, instance:api.testcases.UserTestWithExcelData@3d2ee678]" started-at="2026-04-20T13:35:07 IST" name="testUpdateUserByName" data-provider="UserNameData" finished-at="2026-04-20T13:35:09 IST" depends-on-methods="api.testcases.UserTestWithExcelData.testGetUserByName" duration-ms="2302" status="PASS">
          <params>
            <param index="0">
              <value>
                <![CDATA[user2]]>
              </value>
            </param>
          </params>
          <reporter-output>
          </reporter-output>
        </test-method> <!-- testUpdateUserByName -->
        <test-method signature="testUpdateUserByName(java.lang.String)[pri:3, instance:api.testcases.UserTestWithExcelData@3d2ee678]" started-at="2026-04-20T13:35:09 IST" name="testUpdateUserByName" data-provider="UserNameData" finished-at="2026-04-20T13:35:12 IST" depends-on-methods="api.testcases.UserTestWithExcelData.testGetUserByName" duration-ms="2409" status="PASS">
          <params>
            <param index="0">
              <value>
                <![CDATA[user3]]>
              </value>
            </param>
          </params>
          <reporter-output>
          </reporter-output>
        </test-method> <!-- testUpdateUserByName -->
        <test-method signature="testDeleteUserByName()[pri:4, instance:api.testcases.UserTestWithExcelData@3d2ee678]" started-at="2026-04-20T13:35:12 IST" name="testDeleteUserByName" finished-at="2026-04-20T13:35:13 IST" depends-on-methods="api.testcases.UserTestWithExcelData.testUpdateUserByName" duration-ms="1199" status="PASS">
          <reporter-output>
          </reporter-output>
        </test-method> <!-- testDeleteUserByName -->
      </class> <!-- api.testcases.UserTestWithExcelData -->
      <class name="api.testcases.UserTestWithPropFileUrl">
        <test-method signature="testPostUser(java.lang.String,java.lang.String,java.lang.String,java.lang.String,java.lang.String,java.lang.String,java.lang.String)[pri:1, instance:api.testcases.UserTestWithPropFileUrl@1c32386d]" started-at="2026-04-20T13:35:13 IST" name="testPostUser" data-provider="AllUserData" finished-at="2026-04-20T13:35:14 IST" duration-ms="1256" status="PASS">
          <params>
            <param index="0">
              <value>
                <![CDATA[2020]]>
              </value>
            </param>
            <param index="1">
              <value>
                <![CDATA[user1]]>
              </value>
            </param>
            <param index="2">
              <value>
                <![CDATA[Ram]]>
              </value>
            </param>
            <param index="3">
              <value>
                <![CDATA[Shah]]>
              </value>
            </param>
            <param index="4">
              <value>
                <![CDATA[test@1]]>
              </value>
            </param>
            <param index="5">
              <value>
                <![CDATA[1234]]>
              </value>
            </param>
            <param index="6">
              <value>
                <![CDATA[1234567890]]>
              </value>
            </param>
          </params>
          <reporter-output>
          </reporter-output>
        </test-method> <!-- testPostUser -->
        <test-method signature="testPostUser(java.lang.String,java.lang.String,java.lang.String,java.lang.String,java.lang.String,java.lang.String,java.lang.String)[pri:1, instance:api.testcases.UserTestWithPropFileUrl@1c32386d]" started-at="2026-04-20T13:35:14 IST" name="testPostUser" data-provider="AllUserData" finished-at="2026-04-20T13:35:16 IST" duration-ms="1247" status="PASS">
          <params>
            <param index="0">
              <value>
                <![CDATA[2021]]>
              </value>
            </param>
            <param index="1">
              <value>
                <![CDATA[user2]]>
              </value>
            </param>
            <param index="2">
              <value>
                <![CDATA[Sham]]>
              </value>
            </param>
            <param index="3">
              <value>
                <![CDATA[Mishra]]>
              </value>
            </param>
            <param index="4">
              <value>
                <![CDATA[test@2]]>
              </value>
            </param>
            <param index="5">
              <value>
                <![CDATA[4567]]>
              </value>
            </param>
            <param index="6">
              <value>
                <![CDATA[2134567890]]>
              </value>
            </param>
          </params>
          <reporter-output>
          </reporter-output>
        </test-method> <!-- testPostUser -->
        <test-method signature="testPostUser(java.lang.String,java.lang.String,java.lang.String,java.lang.String,java.lang.String,java.lang.String,java.lang.String)[pri:1, instance:api.testcases.UserTestWithPropFileUrl@1c32386d]" started-at="2026-04-20T13:35:16 IST" name="testPostUser" data-provider="AllUserData" finished-at="2026-04-20T13:35:17 IST" duration-ms="1228" status="PASS">
          <params>
            <param index="0">
              <value>
                <![CDATA[2022]]>
              </value>
            </param>
            <param index="1">
              <value>
                <![CDATA[user3]]>
              </value>
            </param>
            <param index="2">
              <value>
                <![CDATA[Amol]]>
              </value>
            </param>
            <param index="3">
              <value>
                <![CDATA[Patil]]>
              </value>
            </param>
            <param index="4">
              <value>
                <![CDATA[test@3]]>
              </value>
            </param>
            <param index="5">
              <value>
                <![CDATA[7891]]>
              </value>
            </param>
            <param index="6">
              <value>
                <![CDATA[3124567890]]>
              </value>
            </param>
          </params>
          <reporter-output>
          </reporter-output>
        </test-method> <!-- testPostUser -->
        <test-method signature="testGetUserByName()[pri:2, instance:api.testcases.UserTestWithPropFileUrl@1c32386d]" started-at="2026-04-20T13:35:17 IST" name="testGetUserByName" finished-at="2026-04-20T13:35:18 IST" depends-on-methods="api.testcases.UserTestWithPropFileUrl.testPostUser" duration-ms="1207" status="PASS">
          <reporter-output>
          </reporter-output>
        </test-method> <!-- testGetUserByName -->
        <test-method signature="testUpdateUserByName(java.lang.String)[pri:3, instance:api.testcases.UserTestWithPropFileUrl@1c32386d]" started-at="2026-04-20T13:35:18 IST" name="testUpdateUserByName" data-provider="UserNameData" finished-at="2026-04-20T13:35:20 IST" depends-on-methods="api.testcases.UserTestWithPropFileUrl.testGetUserByName" duration-ms="2426" status="PASS">
          <params>
            <param index="0">
              <value>
                <![CDATA[user1]]>
              </value>
            </param>
          </params>
          <reporter-output>
          </reporter-output>
        </test-method> <!-- testUpdateUserByName -->
        <test-method signature="testUpdateUserByName(java.lang.String)[pri:3, instance:api.testcases.UserTestWithPropFileUrl@1c32386d]" started-at="2026-04-20T13:35:20 IST" name="testUpdateUserByName" data-provider="UserNameData" finished-at="2026-04-20T13:35:23 IST" depends-on-methods="api.testcases.UserTestWithPropFileUrl.testGetUserByName" duration-ms="2328" status="PASS">
          <params>
            <param index="0">
              <value>
                <![CDATA[user2]]>
              </value>
            </param>
          </params>
          <reporter-output>
          </reporter-output>
        </test-method> <!-- testUpdateUserByName -->
        <test-method signature="testUpdateUserByName(java.lang.String)[pri:3, instance:api.testcases.UserTestWithPropFileUrl@1c32386d]" started-at="2026-04-20T13:35:23 IST" name="testUpdateUserByName" data-provider="UserNameData" finished-at="2026-04-20T13:35:25 IST" depends-on-methods="api.testcases.UserTestWithPropFileUrl.testGetUserByName" duration-ms="2367" status="PASS">
          <params>
            <param index="0">
              <value>
                <![CDATA[user3]]>
              </value>
            </param>
          </params>
          <reporter-output>
          </reporter-output>
        </test-method> <!-- testUpdateUserByName -->
        <test-method signature="testDeleteUserByName()[pri:4, instance:api.testcases.UserTestWithPropFileUrl@1c32386d]" started-at="2026-04-20T13:35:25 IST" name="testDeleteUserByName" finished-at="2026-04-20T13:35:26 IST" depends-on-methods="api.testcases.UserTestWithPropFileUrl.testUpdateUserByName" duration-ms="1194" status="PASS">
          <reporter-output>
          </reporter-output>
        </test-method> <!-- testDeleteUserByName -->
      </class> <!-- api.testcases.UserTestWithPropFileUrl -->
    </test> <!-- Test -->
  </suite> <!-- Suite -->
</testng-results>
