<?xml version="1.0" encoding="UTF-8"?>
<testng-results ignored="0" total="8" passed="8" failed="0" skipped="0">
  <reporter-output>
  </reporter-output>
  <suite started-at="2026-04-18T15:52:50 IST" name="Default suite" finished-at="2026-04-18T15:53:19 IST" duration-ms="28316">
    <groups>
    </groups>
    <test started-at="2026-04-18T15:52:50 IST" name="Default test" finished-at="2026-04-18T15:53:19 IST" duration-ms="28316">
      <class name="api.testcases.UserTestWithExcelData">
        <test-method signature="testPostUser(java.lang.String,java.lang.String,java.lang.String,java.lang.String,java.lang.String,java.lang.String,java.lang.String)[pri:1, instance:api.testcases.UserTestWithExcelData@64b73e7a]" started-at="2026-04-18T15:52:52 IST" name="testPostUser" data-provider="AllUserData" finished-at="2026-04-18T15:52:56 IST" duration-ms="4419" status="PASS">
          <params>
            <param index="0">
              <value>
                <![CDATA[2020]]>
              </value>
            </param>
            <param index="1">
              <value>
                <![CDATA[user1]]>
              </value>
            </param>
            <param index="2">
              <value>
                <![CDATA[Ram]]>
              </value>
            </param>
            <param index="3">
              <value>
                <![CDATA[Shah]]>
              </value>
            </param>
            <param index="4">
              <value>
                <![CDATA[test@1]]>
              </value>
            </param>
            <param index="5">
              <value>
                <![CDATA[1234]]>
              </value>
            </param>
            <param index="6">
              <value>
                <![CDATA[1234567890]]>
              </value>
            </param>
          </params>
          <reporter-output>
          </reporter-output>
        </test-method> <!-- testPostUser -->
        <test-method signature="testPostUser(java.lang.String,java.lang.String,java.lang.String,java.lang.String,java.lang.String,java.lang.String,java.lang.String)[pri:1, instance:api.testcases.UserTestWithExcelData@64b73e7a]" started-at="2026-04-18T15:52:56 IST" name="testPostUser" data-provider="AllUserData" finished-at="2026-04-18T15:52:59 IST" duration-ms="2482" status="PASS">
          <params>
            <param index="0">
              <value>
                <![CDATA[2021]]>
              </value>
            </param>
            <param index="1">
              <value>
                <![CDATA[user2]]>
              </value>
            </param>
            <param index="2">
              <value>
                <![CDATA[Sham]]>
              </value>
            </param>
            <param index="3">
              <value>
                <![CDATA[Mishra]]>
              </value>
            </param>
            <param index="4">
              <value>
                <![CDATA[test@2]]>
              </value>
            </param>
            <param index="5">
              <value>
                <![CDATA[4567]]>
              </value>
            </param>
            <param index="6">
              <value>
                <![CDATA[2134567890]]>
              </value>
            </param>
          </params>
          <reporter-output>
          </reporter-output>
        </test-method> <!-- testPostUser -->
        <test-method signature="testPostUser(java.lang.String,java.lang.String,java.lang.String,java.lang.String,java.lang.String,java.lang.String,java.lang.String)[pri:1, instance:api.testcases.UserTestWithExcelData@64b73e7a]" started-at="2026-04-18T15:52:59 IST" name="testPostUser" data-provider="AllUserData" finished-at="2026-04-18T15:53:01 IST" duration-ms="2659" status="PASS">
          <params>
            <param index="0">
              <value>
                <![CDATA[2022]]>
              </value>
            </param>
            <param index="1">
              <value>
                <![CDATA[user3]]>
              </value>
            </param>
            <param index="2">
              <value>
                <![CDATA[Amol]]>
              </value>
            </param>
            <param index="3">
              <value>
                <![CDATA[Patil]]>
              </value>
            </param>
            <param index="4">
              <value>
                <![CDATA[test@3]]>
              </value>
            </param>
            <param index="5">
              <value>
                <![CDATA[7891]]>
              </value>
            </param>
            <param index="6">
              <value>
                <![CDATA[3124567890]]>
              </value>
            </param>
          </params>
          <reporter-output>
          </reporter-output>
        </test-method> <!-- testPostUser -->
        <test-method signature="testGetUserByName()[pri:2, instance:api.testcases.UserTestWithExcelData@64b73e7a]" started-at="2026-04-18T15:53:01 IST" name="testGetUserByName" finished-at="2026-04-18T15:53:03 IST" depends-on-methods="api.testcases.UserTestWithExcelData.testPostUser" duration-ms="1936" status="PASS">
          <reporter-output>
          </reporter-output>
        </test-method> <!-- testGetUserByName -->
        <test-method signature="testUpdateUserByName(java.lang.String)[pri:3, instance:api.testcases.UserTestWithExcelData@64b73e7a]" started-at="2026-04-18T15:53:03 IST" name="testUpdateUserByName" data-provider="UserNameData" finished-at="2026-04-18T15:53:08 IST" depends-on-methods="api.testcases.UserTestWithExcelData.testGetUserByName" duration-ms="4327" status="PASS">
          <params>
            <param index="0">
              <value>
                <![CDATA[user1]]>
              </value>
            </param>
          </params>
          <reporter-output>
          </reporter-output>
        </test-method> <!-- testUpdateUserByName -->
        <test-method signature="testUpdateUserByName(java.lang.String)[pri:3, instance:api.testcases.UserTestWithExcelData@64b73e7a]" started-at="2026-04-18T15:53:08 IST" name="testUpdateUserByName" data-provider="UserNameData" finished-at="2026-04-18T15:53:12 IST" depends-on-methods="api.testcases.UserTestWithExcelData.testGetUserByName" duration-ms="4209" status="PASS">
          <params>
            <param index="0">
              <value>
                <![CDATA[user2]]>
              </value>
            </param>
          </params>
          <reporter-output>
          </reporter-output>
        </test-method> <!-- testUpdateUserByName -->
        <test-method signature="testUpdateUserByName(java.lang.String)[pri:3, instance:api.testcases.UserTestWithExcelData@64b73e7a]" started-at="2026-04-18T15:53:12 IST" name="testUpdateUserByName" data-provider="UserNameData" finished-at="2026-04-18T15:53:16 IST" depends-on-methods="api.testcases.UserTestWithExcelData.testGetUserByName" duration-ms="4492" status="PASS">
          <params>
            <param index="0">
              <value>
                <![CDATA[user3]]>
              </value>
            </param>
          </params>
          <reporter-output>
          </reporter-output>
        </test-method> <!-- testUpdateUserByName -->
        <test-method signature="testDeleteUserByName()[pri:4, instance:api.testcases.UserTestWithExcelData@64b73e7a]" started-at="2026-04-18T15:53:16 IST" name="testDeleteUserByName" finished-at="2026-04-18T15:53:19 IST" depends-on-methods="api.testcases.UserTestWithExcelData.testUpdateUserByName" duration-ms="2249" status="PASS">
          <reporter-output>
          </reporter-output>
        </test-method> <!-- testDeleteUserByName -->
      </class> <!-- api.testcases.UserTestWithExcelData -->
    </test> <!-- Default test -->
  </suite> <!-- Default suite -->
</testng-results>
