<?xml version="1.0" encoding="UTF-8"?>
<!-- Generated by org.testng.reporters.JUnitReportReporter -->
<testsuite hostname="BD_LAP_314" failures="0" tests="4" name="api.testcases.UserTest" time="13.611" errors="0" timestamp="2026-04-18T14:43:08 IST" skipped="0">
  <testcase classname="api.testcases.UserTest" name="testPostUser" time="4.227"/>
  <testcase classname="api.testcases.UserTest" name="testGetUserByName" time="2.530"/>
  <testcase classname="api.testcases.UserTest" name="testUpdateUserByName" time="4.604"/>
  <testcase classname="api.testcases.UserTest" name="testDeleteUserByName" time="2.250"/>
</testsuite> <!-- api.testcases.UserTest -->
