<?xml version="1.0" encoding="UTF-8"?>
<!-- Generated by org.testng.reporters.JUnitReportReporter -->
<testsuite hostname="BD_LAP_314" failures="0" tests="8" name="api.testcases.UserTestWithExcelData" time="14.095" errors="0" timestamp="2026-04-20T13:35:33 IST" skipped="0">
  <testcase classname="api.testcases.UserTestWithExcelData" name="testPostUser" time="2.218"/>
  <testcase classname="api.testcases.UserTestWithExcelData" name="testPostUser" time="1.252"/>
  <testcase classname="api.testcases.UserTestWithExcelData" name="testPostUser" time="1.174"/>
  <testcase classname="api.testcases.UserTestWithExcelData" name="testGetUserByName" time="1.222"/>
  <testcase classname="api.testcases.UserTestWithExcelData" name="testUpdateUserByName" time="2.409"/>
  <testcase classname="api.testcases.UserTestWithExcelData" name="testUpdateUserByName" time="2.319"/>
  <testcase classname="api.testcases.UserTestWithExcelData" name="testUpdateUserByName" time="2.302"/>
  <testcase classname="api.testcases.UserTestWithExcelData" name="testDeleteUserByName" time="1.199"/>
</testsuite> <!-- api.testcases.UserTestWithExcelData -->
