<?xml version="1.0" encoding="UTF-8"?>
<!-- Generated by org.testng.reporters.JUnitReportReporter -->
<testsuite hostname="BD_LAP_314" failures="0" tests="8" name="api.testcases.UserTestWithExcelData" time="30.939" errors="0" timestamp="2026-04-18T14:52:37 IST" skipped="0">
  <testcase classname="api.testcases.UserTestWithExcelData" name="testPostUser" time="2.368"/>
  <testcase classname="api.testcases.UserTestWithExcelData" name="testPostUser" time="4.717"/>
  <testcase classname="api.testcases.UserTestWithExcelData" name="testPostUser" time="2.360"/>
  <testcase classname="api.testcases.UserTestWithExcelData" name="testGetUserByName" time="2.523"/>
  <testcase classname="api.testcases.UserTestWithExcelData" name="testUpdateUserByName" time="6.158"/>
  <testcase classname="api.testcases.UserTestWithExcelData" name="testUpdateUserByName" time="5.117"/>
  <testcase classname="api.testcases.UserTestWithExcelData" name="testUpdateUserByName" time="5.119"/>
  <testcase classname="api.testcases.UserTestWithExcelData" name="testDeleteUserByName" time="2.577"/>
</testsuite> <!-- api.testcases.UserTestWithExcelData -->
