<?xml version="1.0" encoding="UTF-8"?>
<!-- Generated by org.testng.reporters.JUnitReportReporter -->
<testsuite hostname="BD_LAP_314" failures="0" tests="8" name="api.testcases.UserTestWithPropFileUrl" time="13.253" errors="0" timestamp="2026-04-20T13:35:33 IST" skipped="0">
  <testcase classname="api.testcases.UserTestWithPropFileUrl" name="testPostUser" time="1.247"/>
  <testcase classname="api.testcases.UserTestWithPropFileUrl" name="testPostUser" time="1.228"/>
  <testcase classname="api.testcases.UserTestWithPropFileUrl" name="testPostUser" time="1.256"/>
  <testcase classname="api.testcases.UserTestWithPropFileUrl" name="testGetUserByName" time="1.207"/>
  <testcase classname="api.testcases.UserTestWithPropFileUrl" name="testUpdateUserByName" time="2.426"/>
  <testcase classname="api.testcases.UserTestWithPropFileUrl" name="testUpdateUserByName" time="2.367"/>
  <testcase classname="api.testcases.UserTestWithPropFileUrl" name="testUpdateUserByName" time="2.328"/>
  <testcase classname="api.testcases.UserTestWithPropFileUrl" name="testDeleteUserByName" time="1.194"/>
</testsuite> <!-- api.testcases.UserTestWithPropFileUrl -->
