<?xml version="1.0" encoding="UTF-8"?>
<!-- Generated by org.testng.reporters.JUnitReportReporter -->
<testsuite hostname="BD_LAP_314" failures="0" tests="4" name="api.testcases.UserTest" time="6.027" errors="0" timestamp="2026-04-20T13:35:33 IST" skipped="0">
  <testcase classname="api.testcases.UserTest" name="testPostUser" time="1.241"/>
  <testcase classname="api.testcases.UserTest" name="testGetUserByName" time="1.208"/>
  <testcase classname="api.testcases.UserTest" name="testUpdateUserByName" time="2.379"/>
  <testcase classname="api.testcases.UserTest" name="testDeleteUserByName" time="1.199"/>
</testsuite> <!-- api.testcases.UserTest -->
